2025-11-16 13:48:07,249 - aqt.main - INFO - installer 125118571065472 aqtinstall(aqt) v3.3.0 on Python 3.12.3 [CPython GCC 13.3.0]
2025-11-16 13:48:07,250 - aqt.helper - DEBUG - helper 125118571065472 Attempt to download checksum at https://download.qt.io/online/qtsdkrepository/linux_x64/desktop/qt6_6100/qt6_6100/Updates.xml.sha256
2025-11-16 13:48:07,791 - aqt.helper - DEBUG - helper 125118571065472 Attempt to download checksum at https://download.qt.io/online/qtsdkrepository/linux_x64/extensions/qtwebengine/6100/x86_64/Updates.xml.sha256
2025-11-16 13:48:08,243 - aqt.archives - INFO - archives 125118571065472 Found extension qtwebengine
2025-11-16 13:48:08,244 - aqt.helper - DEBUG - helper 125118571065472 Attempt to download checksum at https://download.qt.io/online/qtsdkrepository/linux_x64/extensions/qtpdf/6100/x86_64/Updates.xml.sha256
2025-11-16 13:48:08,774 - aqt.archives - INFO - archives 125118571065472 Found extension qtpdf
2025-11-16 13:48:09,032 - aqt.helper - DEBUG - helper 129445686096000 Attempt to download checksum at https://download.qt.io/online/qtsdkrepository/linux_x64/desktop/qt6_6100/qt6_6100/qt.qt6.6100.addons.qtgraphs.linux_gcc_64/6.10.0-0-202510021201qtgraphs-Linux-RHEL_9_4-GCC-Linux-RHEL_9_4-X86_64.7z.sha256
2025-11-16 13:48:09,033 - aqt.helper - DEBUG - helper 134304994902144 Attempt to download checksum at https://download.qt.io/online/qtsdkrepository/linux_x64/desktop/qt6_6100/qt6_6100/qt.qt6.6100.addons.qtquick3d.linux_gcc_64/6.10.0-0-202510021201qtquick3d-Linux-RHEL_9_4-GCC-Linux-RHEL_9_4-X86_64.7z.sha256
2025-11-16 13:48:09,047 - aqt.helper - DEBUG - helper 135529951338624 Attempt to download checksum at https://download.qt.io/online/qtsdkrepository/linux_x64/desktop/qt6_6100/qt6_6100/qt.qt6.6100.addons.qtserialport.linux_gcc_64/6.10.0-0-202510021201qtserialport-Linux-RHEL_9_4-GCC-Linux-RHEL_9_4-X86_64.7z.sha256
2025-11-16 13:48:09,057 - aqt.helper - DEBUG - helper 134970996736128 Attempt to download checksum at https://download.qt.io/online/qtsdkrepository/linux_x64/desktop/qt6_6100/qt6_6100/qt.qt6.6100.addons.qtshadertools.linux_gcc_64/6.10.0-0-202510021201qtshadertools-Linux-RHEL_9_4-GCC-Linux-RHEL_9_4-X86_64.7z.sha256
2025-11-16 13:48:09,333 - aqt.helper - INFO - helper 135529951338624 Downloading qtserialport...
2025-11-16 13:48:09,334 - aqt.helper - INFO - helper 129445686096000 Downloading qtgraphs...
2025-11-16 13:48:09,333 - aqt.installer - DEBUG - installer 135529951338624 Download URL: https://download.qt.io/online/qtsdkrepository/linux_x64/desktop/qt6_6100/qt6_6100/qt.qt6.6100.addons.qtserialport.linux_gcc_64/6.10.0-0-202510021201qtserialport-Linux-RHEL_9_4-GCC-Linux-RHEL_9_4-X86_64.7z
2025-11-16 13:48:09,335 - aqt.installer - DEBUG - installer 129445686096000 Download URL: https://download.qt.io/online/qtsdkrepository/linux_x64/desktop/qt6_6100/qt6_6100/qt.qt6.6100.addons.qtgraphs.linux_gcc_64/6.10.0-0-202510021201qtgraphs-Linux-RHEL_9_4-GCC-Linux-RHEL_9_4-X86_64.7z
2025-11-16 13:48:09,342 - aqt.helper - INFO - helper 134304994902144 Downloading qtquick3d...
2025-11-16 13:48:09,343 - aqt.installer - DEBUG - installer 134304994902144 Download URL: https://download.qt.io/online/qtsdkrepository/linux_x64/desktop/qt6_6100/qt6_6100/qt.qt6.6100.addons.qtquick3d.linux_gcc_64/6.10.0-0-202510021201qtquick3d-Linux-RHEL_9_4-GCC-Linux-RHEL_9_4-X86_64.7z
2025-11-16 13:48:09,346 - aqt.helper - INFO - helper 134970996736128 Downloading qtshadertools...
2025-11-16 13:48:09,347 - aqt.installer - DEBUG - installer 134970996736128 Download URL: https://download.qt.io/online/qtsdkrepository/linux_x64/desktop/qt6_6100/qt6_6100/qt.qt6.6100.addons.qtshadertools.linux_gcc_64/6.10.0-0-202510021201qtshadertools-Linux-RHEL_9_4-GCC-Linux-RHEL_9_4-X86_64.7z
2025-11-16 13:48:09,594 - aqt.helper - DEBUG - helper 134304994902144 Asked to redirect(302) to: https://mirrors.20i.com/pub/qt.io/online/qtsdkrepository/linux_x64/desktop/qt6_6100/qt6_6100/qt.qt6.6100.addons.qtquick3d.linux_gcc_64/6.10.0-0-202510021201qtquick3d-Linux-RHEL_9_4-GCC-Linux-RHEL_9_4-X86_64.7z
2025-11-16 13:48:09,594 - aqt.helper - INFO - helper 134304994902144 Redirected: mirrors.20i.com
2025-11-16 13:48:09,608 - aqt.helper - DEBUG - helper 134970996736128 Asked to redirect(302) to: https://mirrors.20i.com/pub/qt.io/online/qtsdkrepository/linux_x64/desktop/qt6_6100/qt6_6100/qt.qt6.6100.addons.qtshadertools.linux_gcc_64/6.10.0-0-202510021201qtshadertools-Linux-RHEL_9_4-GCC-Linux-RHEL_9_4-X86_64.7z
2025-11-16 13:48:09,608 - aqt.helper - INFO - helper 134970996736128 Redirected: mirrors.20i.com
2025-11-16 13:48:09,645 - aqt.helper - DEBUG - helper 135529951338624 Asked to redirect(302) to: https://mirrors.20i.com/pub/qt.io/online/qtsdkrepository/linux_x64/desktop/qt6_6100/qt6_6100/qt.qt6.6100.addons.qtserialport.linux_gcc_64/6.10.0-0-202510021201qtserialport-Linux-RHEL_9_4-GCC-Linux-RHEL_9_4-X86_64.7z
2025-11-16 13:48:09,646 - aqt.helper - INFO - helper 135529951338624 Redirected: mirrors.20i.com
2025-11-16 13:48:09,653 - aqt.helper - DEBUG - helper 129445686096000 Asked to redirect(302) to: https://mirrors.20i.com/pub/qt.io/online/qtsdkrepository/linux_x64/desktop/qt6_6100/qt6_6100/qt.qt6.6100.addons.qtgraphs.linux_gcc_64/6.10.0-0-202510021201qtgraphs-Linux-RHEL_9_4-GCC-Linux-RHEL_9_4-X86_64.7z
2025-11-16 13:48:09,653 - aqt.helper - INFO - helper 129445686096000 Redirected: mirrors.20i.com
2025-11-16 13:48:09,808 - aqt.installer - INFO - installer 135529951338624 Finished installation of qtserialport-Linux-RHEL_9_4-GCC-Linux-RHEL_9_4-X86_64.7z in 0.76225164
2025-11-16 13:48:09,819 - aqt.helper - DEBUG - helper 135529951338624 Attempt to download checksum at https://download.qt.io/online/qtsdkrepository/linux_x64/desktop/qt6_6100/qt6_6100/qt.qt6.6100.linux_gcc_64/6.10.0-0-202510021201qtbase-Linux-RHEL_9_4-GCC-Linux-RHEL_9_4-X86_64.7z.sha256
2025-11-16 13:48:10,052 - aqt.helper - INFO - helper 135529951338624 Downloading qtbase...
2025-11-16 13:48:10,052 - aqt.installer - DEBUG - installer 135529951338624 Download URL: https://download.qt.io/online/qtsdkrepository/linux_x64/desktop/qt6_6100/qt6_6100/qt.qt6.6100.linux_gcc_64/6.10.0-0-202510021201qtbase-Linux-RHEL_9_4-GCC-Linux-RHEL_9_4-X86_64.7z
2025-11-16 13:48:10,053 - aqt.installer - INFO - installer 129445686096000 Finished installation of qtgraphs-Linux-RHEL_9_4-GCC-Linux-RHEL_9_4-X86_64.7z in 1.02258866
2025-11-16 13:48:10,065 - aqt.helper - DEBUG - helper 129445686096000 Attempt to download checksum at https://download.qt.io/online/qtsdkrepository/linux_x64/desktop/qt6_6100/qt6_6100/qt.qt6.6100.linux_gcc_64/6.10.0-0-202510021201qtsvg-Linux-RHEL_9_4-GCC-Linux-RHEL_9_4-X86_64.7z.sha256
2025-11-16 13:48:10,316 - aqt.helper - DEBUG - helper 135529951338624 Asked to redirect(302) to: https://mirrors.20i.com/pub/qt.io/online/qtsdkrepository/linux_x64/desktop/qt6_6100/qt6_6100/qt.qt6.6100.linux_gcc_64/6.10.0-0-202510021201qtbase-Linux-RHEL_9_4-GCC-Linux-RHEL_9_4-X86_64.7z
2025-11-16 13:48:10,316 - aqt.helper - INFO - helper 135529951338624 Redirected: mirrors.20i.com
2025-11-16 13:48:10,581 - aqt.helper - INFO - helper 129445686096000 Downloading qtsvg...
2025-11-16 13:48:10,582 - aqt.installer - DEBUG - installer 129445686096000 Download URL: https://download.qt.io/online/qtsdkrepository/linux_x64/desktop/qt6_6100/qt6_6100/qt.qt6.6100.linux_gcc_64/6.10.0-0-202510021201qtsvg-Linux-RHEL_9_4-GCC-Linux-RHEL_9_4-X86_64.7z
2025-11-16 13:48:11,029 - aqt.helper - DEBUG - helper 129445686096000 Asked to redirect(302) to: https://mirrors.20i.com/pub/qt.io/online/qtsdkrepository/linux_x64/desktop/qt6_6100/qt6_6100/qt.qt6.6100.linux_gcc_64/6.10.0-0-202510021201qtsvg-Linux-RHEL_9_4-GCC-Linux-RHEL_9_4-X86_64.7z
2025-11-16 13:48:11,029 - aqt.helper - INFO - helper 129445686096000 Redirected: mirrors.20i.com
2025-11-16 13:48:11,326 - aqt.installer - INFO - installer 129445686096000 Finished installation of qtsvg-Linux-RHEL_9_4-GCC-Linux-RHEL_9_4-X86_64.7z in 1.26248858
2025-11-16 13:48:11,337 - aqt.helper - DEBUG - helper 129445686096000 Attempt to download checksum at https://download.qt.io/online/qtsdkrepository/linux_x64/desktop/qt6_6100/qt6_6100/qt.qt6.6100.linux_gcc_64/6.10.0-0-202510021201qtdeclarative-Linux-RHEL_9_4-GCC-Linux-RHEL_9_4-X86_64.7z.sha256
2025-11-16 13:48:11,593 - aqt.helper - INFO - helper 129445686096000 Downloading qtdeclarative...
2025-11-16 13:48:11,593 - aqt.installer - DEBUG - installer 129445686096000 Download URL: https://download.qt.io/online/qtsdkrepository/linux_x64/desktop/qt6_6100/qt6_6100/qt.qt6.6100.linux_gcc_64/6.10.0-0-202510021201qtdeclarative-Linux-RHEL_9_4-GCC-Linux-RHEL_9_4-X86_64.7z
2025-11-16 13:48:13,743 - aqt.installer - INFO - installer 135529951338624 Finished installation of qtbase-Linux-RHEL_9_4-GCC-Linux-RHEL_9_4-X86_64.7z in 3.92527011
2025-11-16 13:48:13,762 - aqt.helper - DEBUG - helper 135529951338624 Attempt to download checksum at https://download.qt.io/online/qtsdkrepository/linux_x64/desktop/qt6_6100/qt6_6100/qt.qt6.6100.linux_gcc_64/6.10.0-0-202510021201qttools-Linux-RHEL_9_4-GCC-Linux-RHEL_9_4-X86_64.7z.sha256
2025-11-16 13:48:14,551 - aqt.installer - INFO - installer 134970996736128 Finished installation of qtshadertools-Linux-RHEL_9_4-GCC-Linux-RHEL_9_4-X86_64.7z in 5.49557576
2025-11-16 13:48:14,563 - aqt.helper - DEBUG - helper 134970996736128 Attempt to download checksum at https://download.qt.io/online/qtsdkrepository/linux_x64/desktop/qt6_6100/qt6_6100/qt.qt6.6100.linux_gcc_64/6.10.0-0-202510021201qttranslations-Linux-RHEL_9_4-GCC-Linux-RHEL_9_4-X86_64.7z.sha256
2025-11-16 13:48:15,382 - aqt.installer - INFO - installer 134304994902144 Finished installation of qtquick3d-Linux-RHEL_9_4-GCC-Linux-RHEL_9_4-X86_64.7z in 6.35150322
2025-11-16 13:48:15,394 - aqt.helper - DEBUG - helper 134304994902144 Attempt to download checksum at https://download.qt.io/online/qtsdkrepository/linux_x64/desktop/qt6_6100/qt6_6100/qt.qt6.6100.linux_gcc_64/6.10.0-0-202510021201qtwayland-Linux-RHEL_9_4-GCC-Linux-RHEL_9_4-X86_64.7z.sha256
2025-11-16 13:48:16,829 - aqt.helper - DEBUG - helper 129445686096000 Asked to redirect(302) to: https://mirrors.20i.com/pub/qt.io/online/qtsdkrepository/linux_x64/desktop/qt6_6100/qt6_6100/qt.qt6.6100.linux_gcc_64/6.10.0-0-202510021201qtdeclarative-Linux-RHEL_9_4-GCC-Linux-RHEL_9_4-X86_64.7z
2025-11-16 13:48:16,829 - aqt.helper - INFO - helper 129445686096000 Redirected: mirrors.20i.com
2025-11-16 13:48:16,854 - aqt.helper - INFO - helper 134970996736128 Downloading qttranslations...
2025-11-16 13:48:16,855 - aqt.installer - DEBUG - installer 134970996736128 Download URL: https://download.qt.io/online/qtsdkrepository/linux_x64/desktop/qt6_6100/qt6_6100/qt.qt6.6100.linux_gcc_64/6.10.0-0-202510021201qttranslations-Linux-RHEL_9_4-GCC-Linux-RHEL_9_4-X86_64.7z
2025-11-16 13:48:16,858 - aqt.helper - INFO - helper 134304994902144 Downloading qtwayland...
2025-11-16 13:48:16,858 - aqt.installer - DEBUG - installer 134304994902144 Download URL: https://download.qt.io/online/qtsdkrepository/linux_x64/desktop/qt6_6100/qt6_6100/qt.qt6.6100.linux_gcc_64/6.10.0-0-202510021201qtwayland-Linux-RHEL_9_4-GCC-Linux-RHEL_9_4-X86_64.7z
2025-11-16 13:48:16,911 - aqt.helper - INFO - helper 135529951338624 Downloading qttools...
2025-11-16 13:48:16,912 - aqt.installer - DEBUG - installer 135529951338624 Download URL: https://download.qt.io/online/qtsdkrepository/linux_x64/desktop/qt6_6100/qt6_6100/qt.qt6.6100.linux_gcc_64/6.10.0-0-202510021201qttools-Linux-RHEL_9_4-GCC-Linux-RHEL_9_4-X86_64.7z
2025-11-16 13:48:17,093 - aqt.helper - DEBUG - helper 134304994902144 Asked to redirect(302) to: https://mirrors.20i.com/pub/qt.io/online/qtsdkrepository/linux_x64/desktop/qt6_6100/qt6_6100/qt.qt6.6100.linux_gcc_64/6.10.0-0-202510021201qtwayland-Linux-RHEL_9_4-GCC-Linux-RHEL_9_4-X86_64.7z
2025-11-16 13:48:17,093 - aqt.helper - INFO - helper 134304994902144 Redirected: mirrors.20i.com
2025-11-16 13:48:17,132 - aqt.helper - DEBUG - helper 134970996736128 Asked to redirect(302) to: https://mirrors.20i.com/pub/qt.io/online/qtsdkrepository/linux_x64/desktop/qt6_6100/qt6_6100/qt.qt6.6100.linux_gcc_64/6.10.0-0-202510021201qttranslations-Linux-RHEL_9_4-GCC-Linux-RHEL_9_4-X86_64.7z
2025-11-16 13:48:17,133 - aqt.helper - INFO - helper 134970996736128 Redirected: mirrors.20i.com
2025-11-16 13:48:17,187 - aqt.helper - DEBUG - helper 135529951338624 Asked to redirect(302) to: https://mirrors.20i.com/pub/qt.io/online/qtsdkrepository/linux_x64/desktop/qt6_6100/qt6_6100/qt.qt6.6100.linux_gcc_64/6.10.0-0-202510021201qttools-Linux-RHEL_9_4-GCC-Linux-RHEL_9_4-X86_64.7z
2025-11-16 13:48:17,187 - aqt.helper - INFO - helper 135529951338624 Redirected: mirrors.20i.com
2025-11-16 13:48:17,549 - aqt.installer - INFO - installer 134304994902144 Finished installation of qtwayland-Linux-RHEL_9_4-GCC-Linux-RHEL_9_4-X86_64.7z in 2.15610825
2025-11-16 13:48:17,559 - aqt.helper - DEBUG - helper 134304994902144 Attempt to download checksum at https://download.qt.io/online/qtsdkrepository/linux_x64/desktop/qt6_6100/qt6_6100/qt.qt6.6100.linux_gcc_64/6.10.0-0-202510021201icu-linux-Rhel8.6-x86_64.7z.sha256
2025-11-16 13:48:18,049 - aqt.helper - INFO - helper 134304994902144 Downloading icu...
2025-11-16 13:48:18,049 - aqt.installer - DEBUG - installer 134304994902144 Download URL: https://download.qt.io/online/qtsdkrepository/linux_x64/desktop/qt6_6100/qt6_6100/qt.qt6.6100.linux_gcc_64/6.10.0-0-202510021201icu-linux-Rhel8.6-x86_64.7z
2025-11-16 13:48:18,114 - aqt.installer - INFO - installer 134970996736128 Finished installation of qttranslations-Linux-RHEL_9_4-GCC-Linux-RHEL_9_4-X86_64.7z in 3.55216720
2025-11-16 13:48:18,510 - aqt.helper - DEBUG - helper 134304994902144 Asked to redirect(302) to: https://mirrors.20i.com/pub/qt.io/online/qtsdkrepository/linux_x64/desktop/qt6_6100/qt6_6100/qt.qt6.6100.linux_gcc_64/6.10.0-0-202510021201icu-linux-Rhel8.6-x86_64.7z
2025-11-16 13:48:18,510 - aqt.helper - INFO - helper 134304994902144 Redirected: mirrors.20i.com
2025-11-16 13:48:19,962 - aqt.installer - INFO - installer 134304994902144 Finished installation of icu-linux-Rhel8.6-x86_64.7z in 2.40431126
2025-11-16 13:48:26,555 - aqt.installer - INFO - installer 135529951338624 Finished installation of qttools-Linux-RHEL_9_4-GCC-Linux-RHEL_9_4-X86_64.7z in 12.79430415
2025-11-16 13:48:31,265 - aqt.installer - INFO - installer 129445686096000 Finished installation of qtdeclarative-Linux-RHEL_9_4-GCC-Linux-RHEL_9_4-X86_64.7z in 19.92924611
2025-11-16 13:48:31,346 - aqt.updater - INFO - updater 125118571065472 Patching /opt/Qt/6.10.0/gcc_64/bin/qmake
2025-11-16 13:48:31,350 - aqt.updater - INFO - updater 125118571065472 Patching /opt/Qt/6.10.0/gcc_64/lib/pkgconfig/Qt6GraphsWidgets.pc
2025-11-16 13:48:31,350 - aqt.updater - INFO - updater 125118571065472 Patching /opt/Qt/6.10.0/gcc_64/lib/pkgconfig/Qt6QuickDialogs2.pc
2025-11-16 13:48:31,351 - aqt.updater - INFO - updater 125118571065472 Patching /opt/Qt/6.10.0/gcc_64/lib/pkgconfig/Qt6Linguist.pc
2025-11-16 13:48:31,351 - aqt.updater - INFO - updater 125118571065472 Patching /opt/Qt/6.10.0/gcc_64/lib/pkgconfig/Qt6Quick3DXr.pc
2025-11-16 13:48:31,351 - aqt.updater - INFO - updater 125118571065472 Patching /opt/Qt/6.10.0/gcc_64/lib/pkgconfig/Qt6ShaderTools.pc
2025-11-16 13:48:31,351 - aqt.updater - INFO - updater 125118571065472 Patching /opt/Qt/6.10.0/gcc_64/lib/pkgconfig/Qt6QuickDialogs2QuickImpl.pc
2025-11-16 13:48:31,351 - aqt.updater - INFO - updater 125118571065472 Patching /opt/Qt/6.10.0/gcc_64/lib/pkgconfig/Qt6Quick3DParticles.pc
2025-11-16 13:48:31,351 - aqt.updater - INFO - updater 125118571065472 Patching /opt/Qt/6.10.0/gcc_64/lib/pkgconfig/Qt6Graphs.pc
2025-11-16 13:48:31,351 - aqt.updater - INFO - updater 125118571065472 Patching /opt/Qt/6.10.0/gcc_64/lib/pkgconfig/Qt6QuickControls2MaterialStyleImpl.pc
2025-11-16 13:48:31,351 - aqt.updater - INFO - updater 125118571065472 Patching /opt/Qt/6.10.0/gcc_64/lib/pkgconfig/Qt6QmlMeta.pc
2025-11-16 13:48:31,351 - aqt.updater - INFO - updater 125118571065472 Patching /opt/Qt/6.10.0/gcc_64/lib/pkgconfig/Qt6Quick3DEffects.pc
2025-11-16 13:48:31,351 - aqt.updater - INFO - updater 125118571065472 Patching /opt/Qt/6.10.0/gcc_64/lib/pkgconfig/Qt6Quick3DParticleEffects.pc
2025-11-16 13:48:31,352 - aqt.updater - INFO - updater 125118571065472 Patching /opt/Qt/6.10.0/gcc_64/lib/pkgconfig/Qt6LabsSharedImage.pc
2025-11-16 13:48:31,352 - aqt.updater - INFO - updater 125118571065472 Patching /opt/Qt/6.10.0/gcc_64/lib/pkgconfig/Qt6Designer.pc
2025-11-16 13:48:31,352 - aqt.updater - INFO - updater 125118571065472 Patching /opt/Qt/6.10.0/gcc_64/lib/pkgconfig/Qt6Gui.pc
2025-11-16 13:48:31,352 - aqt.updater - INFO - updater 125118571065472 Patching /opt/Qt/6.10.0/gcc_64/lib/pkgconfig/Qt6Network.pc
2025-11-16 13:48:31,352 - aqt.updater - INFO - updater 125118571065472 Patching /opt/Qt/6.10.0/gcc_64/lib/pkgconfig/Qt6QmlLocalStorage.pc
2025-11-16 13:48:31,352 - aqt.updater - INFO - updater 125118571065472 Patching /opt/Qt/6.10.0/gcc_64/lib/pkgconfig/Qt6QuickControls2Fusion.pc
2025-11-16 13:48:31,352 - aqt.updater - INFO - updater 125118571065472 Patching /opt/Qt/6.10.0/gcc_64/lib/pkgconfig/Qt6Quick3DHelpersImpl.pc
2025-11-16 13:48:31,352 - aqt.updater - INFO - updater 125118571065472 Patching /opt/Qt/6.10.0/gcc_64/lib/pkgconfig/Qt6DBus.pc
2025-11-16 13:48:31,352 - aqt.updater - INFO - updater 125118571065472 Patching /opt/Qt/6.10.0/gcc_64/lib/pkgconfig/Qt6Quick3DAssetImport.pc
2025-11-16 13:48:31,352 - aqt.updater - INFO - updater 125118571065472 Patching /opt/Qt/6.10.0/gcc_64/lib/pkgconfig/Qt6QuickControls2FluentWinUI3StyleImpl.pc
2025-11-16 13:48:31,352 - aqt.updater - INFO - updater 125118571065472 Patching /opt/Qt/6.10.0/gcc_64/lib/pkgconfig/Qt6QuickControls2ImagineStyleImpl.pc
2025-11-16 13:48:31,353 - aqt.updater - INFO - updater 125118571065472 Patching /opt/Qt/6.10.0/gcc_64/lib/pkgconfig/Qt6Quick.pc
2025-11-16 13:48:31,353 - aqt.updater - INFO - updater 125118571065472 Patching /opt/Qt/6.10.0/gcc_64/lib/pkgconfig/Qt6Quick3D.pc
2025-11-16 13:48:31,353 - aqt.updater - INFO - updater 125118571065472 Patching /opt/Qt/6.10.0/gcc_64/lib/pkgconfig/Qt6Core.pc
2025-11-16 13:48:31,353 - aqt.updater - INFO - updater 125118571065472 Patching /opt/Qt/6.10.0/gcc_64/lib/pkgconfig/Qt6Help.pc
2025-11-16 13:48:31,353 - aqt.updater - INFO - updater 125118571065472 Patching /opt/Qt/6.10.0/gcc_64/lib/pkgconfig/Qt6QuickControls2Universal.pc
2025-11-16 13:48:31,353 - aqt.updater - INFO - updater 125118571065472 Patching /opt/Qt/6.10.0/gcc_64/lib/pkgconfig/Qt6WaylandClient.pc
2025-11-16 13:48:31,353 - aqt.updater - INFO - updater 125118571065472 Patching /opt/Qt/6.10.0/gcc_64/lib/pkgconfig/Qt6QuickControls2UniversalStyleImpl.pc
2025-11-16 13:48:31,353 - aqt.updater - INFO - updater 125118571065472 Patching /opt/Qt/6.10.0/gcc_64/lib/pkgconfig/Qt6QmlIntegration.pc
2025-11-16 13:48:31,353 - aqt.updater - INFO - updater 125118571065472 Patching /opt/Qt/6.10.0/gcc_64/lib/pkgconfig/Qt6QuickVectorImage.pc
2025-11-16 13:48:31,353 - aqt.updater - INFO - updater 125118571065472 Patching /opt/Qt/6.10.0/gcc_64/lib/pkgconfig/Qt6LabsAnimation.pc
2025-11-16 13:48:31,353 - aqt.updater - INFO - updater 125118571065472 Patching /opt/Qt/6.10.0/gcc_64/lib/pkgconfig/Qt6Quick3DUtils.pc
2025-11-16 13:48:31,353 - aqt.updater - INFO - updater 125118571065472 Patching /opt/Qt/6.10.0/gcc_64/lib/pkgconfig/Qt6QuickControls2Basic.pc
2025-11-16 13:48:31,354 - aqt.updater - INFO - updater 125118571065472 Patching /opt/Qt/6.10.0/gcc_64/lib/pkgconfig/Qt6SvgWidgets.pc
2025-11-16 13:48:31,354 - aqt.updater - INFO - updater 125118571065472 Patching /opt/Qt/6.10.0/gcc_64/lib/pkgconfig/Qt6LabsPlatform.pc
2025-11-16 13:48:31,354 - aqt.updater - INFO - updater 125118571065472 Patching /opt/Qt/6.10.0/gcc_64/lib/pkgconfig/Qt6QmlXmlListModel.pc
2025-11-16 13:48:31,354 - aqt.updater - INFO - updater 125118571065472 Patching /opt/Qt/6.10.0/gcc_64/lib/pkgconfig/Qt6QuickTemplates2.pc
2025-11-16 13:48:31,354 - aqt.updater - INFO - updater 125118571065472 Patching /opt/Qt/6.10.0/gcc_64/lib/pkgconfig/Qt6QuickControls2FusionStyleImpl.pc
2025-11-16 13:48:31,354 - aqt.updater - INFO - updater 125118571065472 Patching /opt/Qt/6.10.0/gcc_64/lib/pkgconfig/Qt6LabsFolderListModel.pc
2025-11-16 13:48:31,354 - aqt.updater - INFO - updater 125118571065472 Patching /opt/Qt/6.10.0/gcc_64/lib/pkgconfig/Qt6Platform.pc
2025-11-16 13:48:31,354 - aqt.updater - INFO - updater 125118571065472 Patching /opt/Qt/6.10.0/gcc_64/lib/pkgconfig/Qt6Qml.pc
2025-11-16 13:48:31,354 - aqt.updater - INFO - updater 125118571065472 Patching /opt/Qt/6.10.0/gcc_64/lib/pkgconfig/Qt6Quick3DHelpers.pc
2025-11-16 13:48:31,354 - aqt.updater - INFO - updater 125118571065472 Patching /opt/Qt/6.10.0/gcc_64/lib/pkgconfig/Qt6SerialPort.pc
2025-11-16 13:48:31,354 - aqt.updater - INFO - updater 125118571065472 Patching /opt/Qt/6.10.0/gcc_64/lib/pkgconfig/Qt6QuickWidgets.pc
2025-11-16 13:48:31,355 - aqt.updater - INFO - updater 125118571065472 Patching /opt/Qt/6.10.0/gcc_64/lib/pkgconfig/Qt6LabsWavefrontMesh.pc
2025-11-16 13:48:31,355 - aqt.updater - INFO - updater 125118571065472 Patching /opt/Qt/6.10.0/gcc_64/lib/pkgconfig/Qt6PrintSupport.pc
2025-11-16 13:48:31,355 - aqt.updater - INFO - updater 125118571065472 Patching /opt/Qt/6.10.0/gcc_64/lib/pkgconfig/Qt6QuickControls2Impl.pc
2025-11-16 13:48:31,355 - aqt.updater - INFO - updater 125118571065472 Patching /opt/Qt/6.10.0/gcc_64/lib/pkgconfig/Qt6QuickDialogs2Utils.pc
2025-11-16 13:48:31,355 - aqt.updater - INFO - updater 125118571065472 Patching /opt/Qt/6.10.0/gcc_64/lib/pkgconfig/Qt6QuickControls2BasicStyleImpl.pc
2025-11-16 13:48:31,355 - aqt.updater - INFO - updater 125118571065472 Patching /opt/Qt/6.10.0/gcc_64/lib/pkgconfig/Qt6UiPlugin.pc
2025-11-16 13:48:31,355 - aqt.updater - INFO - updater 125118571065472 Patching /opt/Qt/6.10.0/gcc_64/lib/pkgconfig/Qt6QuickEffects.pc
2025-11-16 13:48:31,355 - aqt.updater - INFO - updater 125118571065472 Patching /opt/Qt/6.10.0/gcc_64/lib/pkgconfig/Qt6QmlCompiler.pc
2025-11-16 13:48:31,355 - aqt.updater - INFO - updater 125118571065472 Patching /opt/Qt/6.10.0/gcc_64/lib/pkgconfig/Qt6LabsSettings.pc
2025-11-16 13:48:31,355 - aqt.updater - INFO - updater 125118571065472 Patching /opt/Qt/6.10.0/gcc_64/lib/pkgconfig/Qt6QuickLayouts.pc
2025-11-16 13:48:31,355 - aqt.updater - INFO - updater 125118571065472 Patching /opt/Qt/6.10.0/gcc_64/lib/pkgconfig/Qt6Quick3DAssetUtils.pc
2025-11-16 13:48:31,355 - aqt.updater - INFO - updater 125118571065472 Patching /opt/Qt/6.10.0/gcc_64/lib/pkgconfig/Qt6QmlModels.pc
2025-11-16 13:48:31,356 - aqt.updater - INFO - updater 125118571065472 Patching /opt/Qt/6.10.0/gcc_64/lib/pkgconfig/Qt6OpenGL.pc
2025-11-16 13:48:31,356 - aqt.updater - INFO - updater 125118571065472 Patching /opt/Qt/6.10.0/gcc_64/lib/pkgconfig/Qt6Widgets.pc
2025-11-16 13:48:31,356 - aqt.updater - INFO - updater 125118571065472 Patching /opt/Qt/6.10.0/gcc_64/lib/pkgconfig/Qt6OpenGLWidgets.pc
2025-11-16 13:48:31,356 - aqt.updater - INFO - updater 125118571065472 Patching /opt/Qt/6.10.0/gcc_64/lib/pkgconfig/Qt6QmlCore.pc
2025-11-16 13:48:31,356 - aqt.updater - INFO - updater 125118571065472 Patching /opt/Qt/6.10.0/gcc_64/lib/pkgconfig/Qt6LabsQmlModels.pc
2025-11-16 13:48:31,356 - aqt.updater - INFO - updater 125118571065472 Patching /opt/Qt/6.10.0/gcc_64/lib/pkgconfig/Qt6Concurrent.pc
2025-11-16 13:48:31,356 - aqt.updater - INFO - updater 125118571065472 Patching /opt/Qt/6.10.0/gcc_64/lib/pkgconfig/Qt6QmlAssetDownloader.pc
2025-11-16 13:48:31,356 - aqt.updater - INFO - updater 125118571065472 Patching /opt/Qt/6.10.0/gcc_64/lib/pkgconfig/Qt6QmlNetwork.pc
2025-11-16 13:48:31,356 - aqt.updater - INFO - updater 125118571065472 Patching /opt/Qt/6.10.0/gcc_64/lib/pkgconfig/Qt6QmlWorkerScript.pc
2025-11-16 13:48:31,356 - aqt.updater - INFO - updater 125118571065472 Patching /opt/Qt/6.10.0/gcc_64/lib/pkgconfig/Qt6QuickControls2Material.pc
2025-11-16 13:48:31,356 - aqt.updater - INFO - updater 125118571065472 Patching /opt/Qt/6.10.0/gcc_64/lib/pkgconfig/Qt6QuickVectorImageHelpers.pc
2025-11-16 13:48:31,357 - aqt.updater - INFO - updater 125118571065472 Patching /opt/Qt/6.10.0/gcc_64/lib/pkgconfig/Qt6Quick3DIblBaker.pc
2025-11-16 13:48:31,357 - aqt.updater - INFO - updater 125118571065472 Patching /opt/Qt/6.10.0/gcc_64/lib/pkgconfig/Qt6UiTools.pc
2025-11-16 13:48:31,357 - aqt.updater - INFO - updater 125118571065472 Patching /opt/Qt/6.10.0/gcc_64/lib/pkgconfig/Qt6QuickControls2Imagine.pc
2025-11-16 13:48:31,357 - aqt.updater - INFO - updater 125118571065472 Patching /opt/Qt/6.10.0/gcc_64/lib/pkgconfig/Qt6Svg.pc
2025-11-16 13:48:31,357 - aqt.updater - INFO - updater 125118571065472 Patching /opt/Qt/6.10.0/gcc_64/lib/pkgconfig/Qt6LabsSynchronizer.pc
2025-11-16 13:48:31,357 - aqt.updater - INFO - updater 125118571065472 Patching /opt/Qt/6.10.0/gcc_64/lib/pkgconfig/Qt6Sql.pc
2025-11-16 13:48:31,357 - aqt.updater - INFO - updater 125118571065472 Patching /opt/Qt/6.10.0/gcc_64/lib/pkgconfig/Qt6Quick3DRuntimeRender.pc
2025-11-16 13:48:31,357 - aqt.updater - INFO - updater 125118571065472 Patching /opt/Qt/6.10.0/gcc_64/lib/pkgconfig/Qt6Test.pc
2025-11-16 13:48:31,357 - aqt.updater - INFO - updater 125118571065472 Patching /opt/Qt/6.10.0/gcc_64/lib/pkgconfig/Qt6Xml.pc
2025-11-16 13:48:31,357 - aqt.updater - INFO - updater 125118571065472 Patching /opt/Qt/6.10.0/gcc_64/lib/pkgconfig/Qt6QuickTest.pc
2025-11-16 13:48:31,357 - aqt.updater - INFO - updater 125118571065472 Patching /opt/Qt/6.10.0/gcc_64/lib/pkgconfig/Qt6QuickControls2.pc
2025-11-16 13:48:31,358 - aqt.updater - INFO - updater 125118571065472 Patching /opt/Qt/6.10.0/gcc_64/lib/libQt6Svg.prl
2025-11-16 13:48:31,358 - aqt.updater - INFO - updater 125118571065472 Patching /opt/Qt/6.10.0/gcc_64/lib/libQt6Quick.prl
2025-11-16 13:48:31,358 - aqt.updater - INFO - updater 125118571065472 Patching /opt/Qt/6.10.0/gcc_64/lib/libQt6Quick3DAssetUtils.prl
2025-11-16 13:48:31,359 - aqt.updater - INFO - updater 125118571065472 Patching /opt/Qt/6.10.0/gcc_64/lib/libQt6QuickShapes.prl
2025-11-16 13:48:31,359 - aqt.updater - INFO - updater 125118571065472 Patching /opt/Qt/6.10.0/gcc_64/lib/libQt6QmlTypeRegistrar.prl
2025-11-16 13:48:31,359 - aqt.updater - INFO - updater 125118571065472 Patching /opt/Qt/6.10.0/gcc_64/lib/libQt6QmlModels.prl
2025-11-16 13:48:31,359 - aqt.updater - INFO - updater 125118571065472 Patching /opt/Qt/6.10.0/gcc_64/lib/libQt6PacketProtocol.prl
2025-11-16 13:48:31,359 - aqt.updater - INFO - updater 125118571065472 Patching /opt/Qt/6.10.0/gcc_64/lib/libQt6Quick3DEffects.prl
2025-11-16 13:48:31,359 - aqt.updater - INFO - updater 125118571065472 Patching /opt/Qt/6.10.0/gcc_64/lib/libQt6QuickTest.prl
2025-11-16 13:48:31,359 - aqt.updater - INFO - updater 125118571065472 Patching /opt/Qt/6.10.0/gcc_64/lib/libQt6QuickControls2FusionStyleImpl.prl
2025-11-16 13:48:31,359 - aqt.updater - INFO - updater 125118571065472 Patching /opt/Qt/6.10.0/gcc_64/lib/libQt6Network.prl
2025-11-16 13:48:31,359 - aqt.updater - INFO - updater 125118571065472 Patching /opt/Qt/6.10.0/gcc_64/lib/libQt6QmlDebug.prl
2025-11-16 13:48:31,359 - aqt.updater - INFO - updater 125118571065472 Patching /opt/Qt/6.10.0/gcc_64/lib/libQt6Quick3DParticleEffects.prl
2025-11-16 13:48:31,359 - aqt.updater - INFO - updater 125118571065472 Patching /opt/Qt/6.10.0/gcc_64/lib/libQt6Quick3DIblBaker.prl
2025-11-16 13:48:31,359 - aqt.updater - INFO - updater 125118571065472 Patching /opt/Qt/6.10.0/gcc_64/lib/libQt6Designer.prl
2025-11-16 13:48:31,360 - aqt.updater - INFO - updater 125118571065472 Patching /opt/Qt/6.10.0/gcc_64/lib/libQt6Xml.prl
2025-11-16 13:48:31,360 - aqt.updater - INFO - updater 125118571065472 Patching /opt/Qt/6.10.0/gcc_64/lib/libQt6Quick3D.prl
2025-11-16 13:48:31,360 - aqt.updater - INFO - updater 125118571065472 Patching /opt/Qt/6.10.0/gcc_64/lib/libQt6Help.prl
2025-11-16 13:48:31,360 - aqt.updater - INFO - updater 125118571065472 Patching /opt/Qt/6.10.0/gcc_64/lib/libQt6QmlXmlListModel.prl
2025-11-16 13:48:31,360 - aqt.updater - INFO - updater 125118571065472 Patching /opt/Qt/6.10.0/gcc_64/lib/libQt6LabsSynchronizer.prl
2025-11-16 13:48:31,360 - aqt.updater - INFO - updater 125118571065472 Patching /opt/Qt/6.10.0/gcc_64/lib/libQt6QmlNetwork.prl
2025-11-16 13:48:31,360 - aqt.updater - INFO - updater 125118571065472 Patching /opt/Qt/6.10.0/gcc_64/lib/libQt6Quick3DGlslParser.prl
2025-11-16 13:48:31,360 - aqt.updater - INFO - updater 125118571065472 Patching /opt/Qt/6.10.0/gcc_64/lib/libQt6FbSupport.prl
2025-11-16 13:48:31,360 - aqt.updater - INFO - updater 125118571065472 Patching /opt/Qt/6.10.0/gcc_64/lib/libQt6Sql.prl
2025-11-16 13:48:31,360 - aqt.updater - INFO - updater 125118571065472 Patching /opt/Qt/6.10.0/gcc_64/lib/libQt6QuickControls2FluentWinUI3StyleImpl.prl
2025-11-16 13:48:31,360 - aqt.updater - INFO - updater 125118571065472 Patching /opt/Qt/6.10.0/gcc_64/lib/libQt6Gui.prl
2025-11-16 13:48:31,361 - aqt.updater - INFO - updater 125118571065472 Patching /opt/Qt/6.10.0/gcc_64/lib/libQt6WlShellIntegration.prl
2025-11-16 13:48:31,361 - aqt.updater - INFO - updater 125118571065472 Patching /opt/Qt/6.10.0/gcc_64/lib/libQt6QuickEffects.prl
2025-11-16 13:48:31,361 - aqt.updater - INFO - updater 125118571065472 Patching /opt/Qt/6.10.0/gcc_64/lib/libQt6QmlLocalStorage.prl
2025-11-16 13:48:31,361 - aqt.updater - INFO - updater 125118571065472 Patching /opt/Qt/6.10.0/gcc_64/lib/libQt6QuickVectorImageHelpers.prl
2025-11-16 13:48:31,361 - aqt.updater - INFO - updater 125118571065472 Patching /opt/Qt/6.10.0/gcc_64/lib/libQt6ExamplesAssetDownloader.prl
2025-11-16 13:48:31,361 - aqt.updater - INFO - updater 125118571065472 Patching /opt/Qt/6.10.0/gcc_64/lib/libQt6QuickParticles.prl
2025-11-16 13:48:31,361 - aqt.updater - INFO - updater 125118571065472 Patching /opt/Qt/6.10.0/gcc_64/lib/libQt6SerialPort.prl
2025-11-16 13:48:31,361 - aqt.updater - INFO - updater 125118571065472 Patching /opt/Qt/6.10.0/gcc_64/lib/libQt6QuickTestUtils.prl
2025-11-16 13:48:31,361 - aqt.updater - INFO - updater 125118571065472 Patching /opt/Qt/6.10.0/gcc_64/lib/libQt6QuickTemplates2.prl
2025-11-16 13:48:31,361 - aqt.updater - INFO - updater 125118571065472 Patching /opt/Qt/6.10.0/gcc_64/lib/libQt6QmlCompiler.prl
2025-11-16 13:48:31,361 - aqt.updater - INFO - updater 125118571065472 Patching /opt/Qt/6.10.0/gcc_64/lib/libQt6QuickDialogs2QuickImpl.prl
2025-11-16 13:48:31,361 - aqt.updater - INFO - updater 125118571065472 Patching /opt/Qt/6.10.0/gcc_64/lib/libQt6ShaderTools.prl
2025-11-16 13:48:31,362 - aqt.updater - INFO - updater 125118571065472 Patching /opt/Qt/6.10.0/gcc_64/lib/libQt6Quick3DHelpersImpl.prl
2025-11-16 13:48:31,362 - aqt.updater - INFO - updater 125118571065472 Patching /opt/Qt/6.10.0/gcc_64/lib/libQt6Quick3DXr.prl
2025-11-16 13:48:31,362 - aqt.updater - INFO - updater 125118571065472 Patching /opt/Qt/6.10.0/gcc_64/lib/libQt6Graphs.prl
2025-11-16 13:48:31,362 - aqt.updater - INFO - updater 125118571065472 Patching /opt/Qt/6.10.0/gcc_64/lib/libQt6QuickWidgets.prl
2025-11-16 13:48:31,362 - aqt.updater - INFO - updater 125118571065472 Patching /opt/Qt/6.10.0/gcc_64/lib/libQt6QuickControls2BasicStyleImpl.prl
2025-11-16 13:48:31,362 - aqt.updater - INFO - updater 125118571065472 Patching /opt/Qt/6.10.0/gcc_64/lib/libQt6SvgWidgets.prl
2025-11-16 13:48:31,362 - aqt.updater - INFO - updater 125118571065472 Patching /opt/Qt/6.10.0/gcc_64/lib/libQt6Test.prl
2025-11-16 13:48:31,362 - aqt.updater - INFO - updater 125118571065472 Patching /opt/Qt/6.10.0/gcc_64/lib/libQt6QuickControls2Imagine.prl
2025-11-16 13:48:31,362 - aqt.updater - INFO - updater 125118571065472 Patching /opt/Qt/6.10.0/gcc_64/lib/libQt6Core.prl
2025-11-16 13:48:31,362 - aqt.updater - INFO - updater 125118571065472 Patching /opt/Qt/6.10.0/gcc_64/lib/libQt6QuickLayouts.prl
2025-11-16 13:48:31,362 - aqt.updater - INFO - updater 125118571065472 Patching /opt/Qt/6.10.0/gcc_64/lib/libQt6UiTools.prl
2025-11-16 13:48:31,362 - aqt.updater - INFO - updater 125118571065472 Patching /opt/Qt/6.10.0/gcc_64/lib/libQt6QuickControls2Fusion.prl
2025-11-16 13:48:31,363 - aqt.updater - INFO - updater 125118571065472 Patching /opt/Qt/6.10.0/gcc_64/lib/libQt6QmlDom.prl
2025-11-16 13:48:31,363 - aqt.updater - INFO - updater 125118571065472 Patching /opt/Qt/6.10.0/gcc_64/lib/libQt6EglFSDeviceIntegration.prl
2025-11-16 13:48:31,363 - aqt.updater - INFO - updater 125118571065472 Patching /opt/Qt/6.10.0/gcc_64/lib/libQt6QmlLS.prl
2025-11-16 13:48:31,363 - aqt.updater - INFO - updater 125118571065472 Patching /opt/Qt/6.10.0/gcc_64/lib/libQt6DeviceDiscoverySupport.prl
2025-11-16 13:48:31,363 - aqt.updater - INFO - updater 125118571065472 Patching /opt/Qt/6.10.0/gcc_64/lib/libQt6EglFsKmsSupport.prl
2025-11-16 13:48:31,363 - aqt.updater - INFO - updater 125118571065472 Patching /opt/Qt/6.10.0/gcc_64/lib/libQt6QuickControlsTestUtils.prl
2025-11-16 13:48:31,363 - aqt.updater - INFO - updater 125118571065472 Patching /opt/Qt/6.10.0/gcc_64/lib/libQt6QmlAssetDownloader.prl
2025-11-16 13:48:31,363 - aqt.updater - INFO - updater 125118571065472 Patching /opt/Qt/6.10.0/gcc_64/lib/libQt6LabsFolderListModel.prl
2025-11-16 13:48:31,363 - aqt.updater - INFO - updater 125118571065472 Patching /opt/Qt/6.10.0/gcc_64/lib/libQt6QmlToolingSettings.prl
2025-11-16 13:48:31,363 - aqt.updater - INFO - updater 125118571065472 Patching /opt/Qt/6.10.0/gcc_64/lib/libQt6InputSupport.prl
2025-11-16 13:48:31,363 - aqt.updater - INFO - updater 125118571065472 Patching /opt/Qt/6.10.0/gcc_64/lib/libQt6QuickControls2ImagineStyleImpl.prl
2025-11-16 13:48:31,364 - aqt.updater - INFO - updater 125118571065472 Patching /opt/Qt/6.10.0/gcc_64/lib/libQt6QuickControls2.prl
2025-11-16 13:48:31,364 - aqt.updater - INFO - updater 125118571065472 Patching /opt/Qt/6.10.0/gcc_64/lib/libQt6QuickDialogs2Utils.prl
2025-11-16 13:48:31,364 - aqt.updater - INFO - updater 125118571065472 Patching /opt/Qt/6.10.0/gcc_64/lib/libQt6XcbQpa.prl
2025-11-16 13:48:31,364 - aqt.updater - INFO - updater 125118571065472 Patching /opt/Qt/6.10.0/gcc_64/lib/libQt6LabsAnimation.prl
2025-11-16 13:48:31,364 - aqt.updater - INFO - updater 125118571065472 Patching /opt/Qt/6.10.0/gcc_64/lib/libQt6QuickControls2Basic.prl
2025-11-16 13:48:31,364 - aqt.updater - INFO - updater 125118571065472 Patching /opt/Qt/6.10.0/gcc_64/lib/libQt6KmsSupport.prl
2025-11-16 13:48:31,364 - aqt.updater - INFO - updater 125118571065472 Patching /opt/Qt/6.10.0/gcc_64/lib/libQt6GraphsWidgets.prl
2025-11-16 13:48:31,364 - aqt.updater - INFO - updater 125118571065472 Patching /opt/Qt/6.10.0/gcc_64/lib/libQt6Quick3DParticles.prl
2025-11-16 13:48:31,364 - aqt.updater - INFO - updater 125118571065472 Patching /opt/Qt/6.10.0/gcc_64/lib/libQt6LabsPlatform.prl
2025-11-16 13:48:31,364 - aqt.updater - INFO - updater 125118571065472 Patching /opt/Qt/6.10.0/gcc_64/lib/libQt6QuickControls2Impl.prl
2025-11-16 13:48:31,365 - aqt.updater - INFO - updater 125118571065472 Patching /opt/Qt/6.10.0/gcc_64/lib/libQt6Quick3DRuntimeRender.prl
2025-11-16 13:48:31,365 - aqt.updater - INFO - updater 125118571065472 Patching /opt/Qt/6.10.0/gcc_64/lib/libQt6Quick3DHelpers.prl
2025-11-16 13:48:31,365 - aqt.updater - INFO - updater 125118571065472 Patching /opt/Qt/6.10.0/gcc_64/lib/libQt6QmlFormat.prl
2025-11-16 13:48:31,365 - aqt.updater - INFO - updater 125118571065472 Patching /opt/Qt/6.10.0/gcc_64/lib/libQt6LabsSharedImage.prl
2025-11-16 13:48:31,365 - aqt.updater - INFO - updater 125118571065472 Patching /opt/Qt/6.10.0/gcc_64/lib/libQt6QuickDialogs2.prl
2025-11-16 13:48:31,365 - aqt.updater - INFO - updater 125118571065472 Patching /opt/Qt/6.10.0/gcc_64/lib/libQt6LabsWavefrontMesh.prl
2025-11-16 13:48:31,365 - aqt.updater - INFO - updater 125118571065472 Patching /opt/Qt/6.10.0/gcc_64/lib/libQt6QuickVectorImageGenerator.prl
2025-11-16 13:48:31,365 - aqt.updater - INFO - updater 125118571065472 Patching /opt/Qt/6.10.0/gcc_64/lib/libQt6DesignerComponents.prl
2025-11-16 13:48:31,366 - aqt.updater - INFO - updater 125118571065472 Patching /opt/Qt/6.10.0/gcc_64/lib/libQt6DBus.prl
2025-11-16 13:48:31,366 - aqt.updater - INFO - updater 125118571065472 Patching /opt/Qt/6.10.0/gcc_64/lib/libQt6EglFsKmsGbmSupport.prl
2025-11-16 13:48:31,366 - aqt.updater - INFO - updater 125118571065472 Patching /opt/Qt/6.10.0/gcc_64/lib/libQt6Widgets.prl
2025-11-16 13:48:31,366 - aqt.updater - INFO - updater 125118571065472 Patching /opt/Qt/6.10.0/gcc_64/lib/libQt6ExampleIcons.prl
2025-11-16 13:48:31,366 - aqt.updater - INFO - updater 125118571065472 Patching /opt/Qt/6.10.0/gcc_64/lib/libQt6QuickShapesDesignHelpers.prl
2025-11-16 13:48:31,366 - aqt.updater - INFO - updater 125118571065472 Patching /opt/Qt/6.10.0/gcc_64/lib/libQt6QuickControls2Material.prl
2025-11-16 13:48:31,366 - aqt.updater - INFO - updater 125118571065472 Patching /opt/Qt/6.10.0/gcc_64/lib/libQt6LabsQmlModels.prl
2025-11-16 13:48:31,366 - aqt.updater - INFO - updater 125118571065472 Patching /opt/Qt/6.10.0/gcc_64/lib/libQt6Qml.prl
2025-11-16 13:48:31,366 - aqt.updater - INFO - updater 125118571065472 Patching /opt/Qt/6.10.0/gcc_64/lib/libQt6Quick3DAssetImport.prl
2025-11-16 13:48:31,366 - aqt.updater - INFO - updater 125118571065472 Patching /opt/Qt/6.10.0/gcc_64/lib/libQt6QuickControls2Universal.prl
2025-11-16 13:48:31,367 - aqt.updater - INFO - updater 125118571065472 Patching /opt/Qt/6.10.0/gcc_64/lib/libQt6LabsSettings.prl
2025-11-16 13:48:31,367 - aqt.updater - INFO - updater 125118571065472 Patching /opt/Qt/6.10.0/gcc_64/lib/libQt6Concurrent.prl
2025-11-16 13:48:31,367 - aqt.updater - INFO - updater 125118571065472 Patching /opt/Qt/6.10.0/gcc_64/lib/libQt6QuickControls2UniversalStyleImpl.prl
2025-11-16 13:48:31,367 - aqt.updater - INFO - updater 125118571065472 Patching /opt/Qt/6.10.0/gcc_64/lib/libQt6QuickVectorImage.prl
2025-11-16 13:48:31,367 - aqt.updater - INFO - updater 125118571065472 Patching /opt/Qt/6.10.0/gcc_64/lib/libQt6QmlMeta.prl
2025-11-16 13:48:31,367 - aqt.updater - INFO - updater 125118571065472 Patching /opt/Qt/6.10.0/gcc_64/lib/libQt6OpenGLWidgets.prl
2025-11-16 13:48:31,367 - aqt.updater - INFO - updater 125118571065472 Patching /opt/Qt/6.10.0/gcc_64/lib/libQt6PrintSupport.prl
2025-11-16 13:48:31,367 - aqt.updater - INFO - updater 125118571065472 Patching /opt/Qt/6.10.0/gcc_64/lib/libQt6OpenGL.prl
2025-11-16 13:48:31,367 - aqt.updater - INFO - updater 125118571065472 Patching /opt/Qt/6.10.0/gcc_64/lib/libQt6WaylandClient.prl
2025-11-16 13:48:31,367 - aqt.updater - INFO - updater 125118571065472 Patching /opt/Qt/6.10.0/gcc_64/lib/libQt6QmlCore.prl
2025-11-16 13:48:31,367 - aqt.updater - INFO - updater 125118571065472 Patching /opt/Qt/6.10.0/gcc_64/lib/libQt6QmlWorkerScript.prl
2025-11-16 13:48:31,368 - aqt.updater - INFO - updater 125118571065472 Patching /opt/Qt/6.10.0/gcc_64/lib/libQt6Quick3DUtils.prl
2025-11-16 13:48:31,368 - aqt.updater - INFO - updater 125118571065472 Patching /opt/Qt/6.10.0/gcc_64/lib/libQt6QuickControls2MaterialStyleImpl.prl
2025-11-16 13:48:31,368 - aqt.main - INFO - installer 125118571065472 Finished installation
2025-11-16 13:48:31,368 - aqt.main - INFO - installer 125118571065472 Time elapsed: 24.11868211 second
2025-11-16 13:48:31,565 - aqt.main - INFO - installer 125604315168896 aqtinstall(aqt) v3.3.0 on Python 3.12.3 [CPython GCC 13.3.0]
2025-11-16 13:48:31,565 - aqt.helper - DEBUG - helper 125604315168896 Attempt to download checksum at https://download.qt.io/online/qtsdkrepository/linux_x64/desktop/tools_cmake/Updates.xml.sha256
2025-11-16 13:48:32,050 - aqt.helper - DEBUG - helper 125604315168896 Attempt to download checksum at https://download.qt.io/online/qtsdkrepository/linux_x64/desktop/tools_cmake/Updates.xml.sha256
2025-11-16 13:48:32,739 - aqt.helper - DEBUG - helper 136511472271488 Attempt to download checksum at https://download.qt.io/online/qtsdkrepository/linux_x64/desktop/tools_cmake/qt.tools.cmake/3.30.5-202502251255linux64_x86_cmake_tools.7z.sha256
2025-11-16 13:48:33,015 - aqt.helper - INFO - helper 136511472271488 Downloading qt.tools.cmake...
2025-11-16 13:48:33,016 - aqt.installer - DEBUG - installer 136511472271488 Download URL: https://download.qt.io/online/qtsdkrepository/linux_x64/desktop/tools_cmake/qt.tools.cmake/3.30.5-202502251255linux64_x86_cmake_tools.7z
2025-11-16 13:48:33,274 - aqt.helper - DEBUG - helper 136511472271488 Asked to redirect(302) to: https://mirrors.20i.com/pub/qt.io/online/qtsdkrepository/linux_x64/desktop/tools_cmake/qt.tools.cmake/3.30.5-202502251255linux64_x86_cmake_tools.7z
2025-11-16 13:48:33,275 - aqt.helper - INFO - helper 136511472271488 Redirected: mirrors.20i.com
2025-11-16 13:48:37,833 - aqt.installer - INFO - installer 136511472271488 Finished installation of linux64_x86_cmake_tools.7z in 5.09526995
2025-11-16 13:48:37,905 - aqt.main - INFO - installer 125604315168896 Finished installation
2025-11-16 13:48:37,905 - aqt.main - INFO - installer 125604315168896 Time elapsed: 6.34039833 second
2025-11-16 13:48:38,103 - aqt.main - INFO - installer 135572561748096 aqtinstall(aqt) v3.3.0 on Python 3.12.3 [CPython GCC 13.3.0]
2025-11-16 13:48:38,103 - aqt.helper - DEBUG - helper 135572561748096 Attempt to download checksum at https://download.qt.io/online/qtsdkrepository/linux_x64/desktop/tools_ninja/Updates.xml.sha256
2025-11-16 13:48:38,581 - aqt.helper - DEBUG - helper 135572561748096 Attempt to download checksum at https://download.qt.io/online/qtsdkrepository/linux_x64/desktop/tools_ninja/Updates.xml.sha256
2025-11-16 13:48:39,239 - aqt.helper - DEBUG - helper 135680116097152 Attempt to download checksum at https://download.qt.io/online/qtsdkrepository/linux_x64/desktop/tools_ninja/qt.tools.ninja/1.12.1-202502251256linux64_ninja.7z.sha256
2025-11-16 13:48:39,516 - aqt.helper - INFO - helper 135680116097152 Downloading qt.tools.ninja...
2025-11-16 13:48:39,517 - aqt.installer - DEBUG - installer 135680116097152 Download URL: https://download.qt.io/online/qtsdkrepository/linux_x64/desktop/tools_ninja/qt.tools.ninja/1.12.1-202502251256linux64_ninja.7z
2025-11-16 13:48:39,743 - aqt.helper - DEBUG - helper 135680116097152 Asked to redirect(302) to: https://mirrors.20i.com/pub/qt.io/online/qtsdkrepository/linux_x64/desktop/tools_ninja/qt.tools.ninja/1.12.1-202502251256linux64_ninja.7z
2025-11-16 13:48:39,743 - aqt.helper - INFO - helper 135680116097152 Redirected: mirrors.20i.com
2025-11-16 13:48:39,917 - aqt.installer - INFO - installer 135680116097152 Finished installation of linux64_ninja.7z in 0.67940665
2025-11-16 13:48:39,984 - aqt.main - INFO - installer 135572561748096 Finished installation
2025-11-16 13:48:39,984 - aqt.main - INFO - installer 135572561748096 Time elapsed: 1.88148419 second
